<?xml version="1.0" encoding="UTF-8"?>
<!-- Generated by org.testng.reporters.JUnitXMLReporter -->
<testsuite hostname="DESKTOP-M42G5V1" ignored="0" name="Test(failed)" tests="2" failures="1" timestamp="26 Feb 2023 15:28:25 GMT" time="0.315" errors="0">
  <testcase name="test2" time="0.108" classname="failedTest.FailedTestExample"/>
  <testcase name="test1" time="0.01" classname="failedTest.FailedTestExample">
    <failure type="java.lang.AssertionError" message="expected [true] but found [false]">
      <![CDATA[java.lang.AssertionError: expected [true] but found [false]
at failedTest.FailedTestExample.test1(FailedTestExample.java:11)
... Removed 29 stack frames]]>
    </failure>
  </testcase> <!-- test1 -->
</testsuite> <!-- Test(failed) -->
