<?xml version="1.0" encoding="UTF-8"?>
<!-- Generated by org.testng.reporters.JUnitXMLReporter -->
<testsuite hostname="DESKTOP-M42G5V1" ignored="0" name="Default test" tests="4" failures="0" timestamp="26 Feb 2023 16:24:24 GMT" time="15.818" errors="0">
  <testcase name="ornHRM" time="8.441" classname="excelReadandWrite.DataProviderExample"/>
  <testcase name="ornHRM" time="1.834" classname="excelReadandWrite.DataProviderExample"/>
  <testcase name="ornHRM" time="2.892" classname="excelReadandWrite.DataProviderExample"/>
  <testcase name="ornHRM" time="2.527" classname="excelReadandWrite.DataProviderExample"/>
</testsuite> <!-- Default test -->
